<?xml version="1.0" encoding="UTF-8"?>
<testng-results skipped="0" failed="1" ignored="2" total="3" passed="0">
  <reporter-output>
  </reporter-output>
  <suite name="Surefire suite" duration-ms="6552" started-at="2018-06-07T08:48:50Z" finished-at="2018-06-07T08:48:57Z">
    <groups>
    </groups>
    <test name="Surefire test" duration-ms="6552" started-at="2018-06-07T08:48:50Z" finished-at="2018-06-07T08:48:57Z">
      <class name="basetest.BaseBelaviaTest">
        <test-method status="PASS" signature="init()[pri:0, instance:basetest.BaseBelaviaTest@b70da4c]" name="init" is-config="true" duration-ms="3917" started-at="2018-06-07T08:48:50Z" finished-at="2018-06-07T08:48:54Z">
          <reporter-output>
          </reporter-output>
        </test-method> <!-- init -->
        <test-method status="PASS" signature="closeBrowser()[pri:0, instance:basetest.BaseBelaviaTest@b70da4c]" name="closeBrowser" is-config="true" duration-ms="190" started-at="2018-06-07T08:48:57Z" finished-at="2018-06-07T08:48:57Z">
          <reporter-output>
          </reporter-output>
        </test-method> <!-- closeBrowser -->
      </class> <!-- basetest.BaseBelaviaTest -->
      <class name="fillformbookflight.BookFlightsFillFormTest">
        <test-method status="FAIL" signature="fillBookingFormCheckResult()[pri:0, instance:fillformbookflight.BookFlightsFillFormTest@4a11eb84]" name="fillBookingFormCheckResult" duration-ms="2243" started-at="2018-06-07T08:48:54Z" description="verify that there at least 1 result and flight before 10 AM " finished-at="2018-06-07T08:48:56Z">
          <exception class="java.lang.AssertionError">
            <message>
              <![CDATA[Searched list is empty or flight after 10 AM! expected [true] but found [false]]]>
            </message>
            <full-stacktrace>
              <![CDATA[java.lang.AssertionError: Searched list is empty or flight after 10 AM! expected [true] but found [false]
at org.testng.Assert.fail(Assert.java:96)
at org.testng.Assert.failNotEquals(Assert.java:776)
at org.testng.Assert.assertTrue(Assert.java:44)
at fillformbookflight.BookFlightsFillFormTest.fillBookingFormCheckResult(BookFlightsFillFormTest.java:20)
at sun.reflect.NativeMethodAccessorImpl.invoke0(Native Method)
at sun.reflect.NativeMethodAccessorImpl.invoke(NativeMethodAccessorImpl.java:62)
at sun.reflect.DelegatingMethodAccessorImpl.invoke(DelegatingMethodAccessorImpl.java:43)
at java.lang.reflect.Method.invoke(Method.java:498)
at org.testng.internal.MethodInvocationHelper.invokeMethod(MethodInvocationHelper.java:124)
at org.testng.internal.Invoker.invokeMethod(Invoker.java:580)
at org.testng.internal.Invoker.invokeTestMethod(Invoker.java:716)
at org.testng.internal.Invoker.invokeTestMethods(Invoker.java:988)
at org.testng.internal.TestMethodWorker.invokeTestMethods(TestMethodWorker.java:125)
at org.testng.internal.TestMethodWorker.run(TestMethodWorker.java:109)
at org.testng.TestRunner.privateRun(TestRunner.java:648)
at org.testng.TestRunner.run(TestRunner.java:505)
at org.testng.SuiteRunner.runTest(SuiteRunner.java:455)
at org.testng.SuiteRunner.runSequentially(SuiteRunner.java:450)
at org.testng.SuiteRunner.privateRun(SuiteRunner.java:415)
at org.testng.SuiteRunner.run(SuiteRunner.java:364)
at org.testng.SuiteRunnerWorker.runSuite(SuiteRunnerWorker.java:52)
at org.testng.SuiteRunnerWorker.run(SuiteRunnerWorker.java:84)
at org.testng.TestNG.runSuitesSequentially(TestNG.java:1208)
at org.testng.TestNG.runSuitesLocally(TestNG.java:1137)
at org.testng.TestNG.runSuites(TestNG.java:1049)
at org.testng.TestNG.run(TestNG.java:1017)
at org.apache.maven.surefire.testng.TestNGExecutor.run(TestNGExecutor.java:135)
at org.apache.maven.surefire.testng.TestNGDirectoryTestSuite.executeMulti(TestNGDirectoryTestSuite.java:193)
at org.apache.maven.surefire.testng.TestNGDirectoryTestSuite.execute(TestNGDirectoryTestSuite.java:94)
at org.apache.maven.surefire.testng.TestNGProvider.invoke(TestNGProvider.java:146)
at org.apache.maven.surefire.booter.ForkedBooter.invokeProviderInSameClassLoader(ForkedBooter.java:386)
at org.apache.maven.surefire.booter.ForkedBooter.runSuitesInProcess(ForkedBooter.java:323)
at org.apache.maven.surefire.booter.ForkedBooter.main(ForkedBooter.java:143)
]]>
            </full-stacktrace>
          </exception> <!-- java.lang.AssertionError -->
          <reporter-output>
          </reporter-output>
        </test-method> <!-- fillBookingFormCheckResult -->
      </class> <!-- fillformbookflight.BookFlightsFillFormTest -->
    </test> <!-- Surefire test -->
  </suite> <!-- Surefire suite -->
</testng-results>
